{"uid":"a5dcbed5028fd8d5","name":"test_valid_registration","fullName":"Test_cases.test_registration.TestRegistration#test_valid_registration","historyId":"6c053cd19f918a0887cef33d5dd5d283","time":{"start":1760902307424,"stop":1760902321061,"duration":13637},"status":"broken","statusMessage":"selenium.common.exceptions.TimeoutException: Message: \nStacktrace:\n#0 0x5c064494b08a <unknown>\n#1 0x5c06443eaa70 <unknown>\n#2 0x5c064443c907 <unknown>\n#3 0x5c064443cb01 <unknown>\n#4 0x5c064448ad54 <unknown>\n#5 0x5c064446240d <unknown>\n#6 0x5c064448814f <unknown>\n#7 0x5c06444621b3 <unknown>\n#8 0x5c064442e59b <unknown>\n#9 0x5c064442f971 <unknown>\n#10 0x5c064491025b <unknown>\n#11 0x5c0644913fa9 <unknown>\n#12 0x5c06448f7339 <unknown>\n#13 0x5c0644914b58 <unknown>\n#14 0x5c06448dbc1f <unknown>\n#15 0x5c0644938118 <unknown>\n#16 0x5c06449382f6 <unknown>\n#17 0x5c064494a066 <unknown>\n#18 0x7e35cd69caa4 <unknown>\n#19 0x7e35cd729c6c <unknown>","statusTrace":"self = <Test_cases.test_registration.TestRegistration object at 0x7e9982765a60>, setup = <selenium.webdriver.chrome.webdriver.WebDriver (session=\"68ad7b50b137af690e27991931f94c57\")>\n\n    def test_valid_registration(self, setup):\n        driver = setup\n        home_page = HomePage(driver)\n        home_page.click_signup()\n    \n        Reg_page = RegistrationPage(driver)\n        Reg_page.enter_userid(\"Pooja@223345999911\")\n        Reg_page.enter_password(\"Kohli@1718\")\n        Reg_page.enter_confirm_password(\"Kohli@1718\")\n        Reg_page.enter_first_name(\"Jeeshan\")\n        Reg_page.enter_last_name(\"Ahmad\")\n        Reg_page.enter_email(\"jeeshan@example.com\")\n        Reg_page.enter_phone(\"9876543210\")\n        Reg_page.enter_address1(\"123 Main Street\")\n        Reg_page.enter_address2(\"Near Green Park\")\n        Reg_page.enter_city(\"New Delhi\")\n        Reg_page.enter_state(\"Delhi\")\n        Reg_page.enter_zip(\"110001\")\n        Reg_page.enter_country(\"India\")\n        Reg_page.select_language(\"English\")\n        Reg_page.select_fav_cat(\"Cats\")\n        Reg_page.click_save_acc_button()\n    \n>       msg = WebDriverWait(driver, 10).until(\n            EC.visibility_of_element_located((By.XPATH, \"//*[@id='jpetstore-content']/div[2]/div/div/div[1]/p\"))\n        ).text\n\nTest_cases/test_registration.py:40: \n_ _ _ _ _ _ _ _ _ _ _ _ _ _ _ _ _ _ _ _ _ _ _ _ _ _ _ _ _ _ _ _ _ _ _ _ _ _ _ _ _ _ _ _ _ _ _ _ _ _ _ _ _ _ _ _ _ _ _ _ _ _ _ _ _ _ _ _ _ _ _ _ _ _ _ _ _ _ _ _ _ _ _ _ _ _ _ _ _ _ _ _ _ _ _ _ _ _ _ _ _ _ _ _ _ _ _ _ _ _\n\nself = <selenium.webdriver.support.wait.WebDriverWait (session=\"68ad7b50b137af690e27991931f94c57\")>, method = <function visibility_of_element_located.<locals>._predicate at 0x7e9982756660>, message = ''\n\n    def until(self, method: Callable[[D], Union[Literal[False], T]], message: str = \"\") -> T:\n        \"\"\"Wait until the method returns a value that is not False.\n    \n        Calls the method provided with the driver as an argument until the\n        return value does not evaluate to ``False``.\n    \n        Parameters:\n        -----------\n        method: callable(WebDriver)\n            - A callable object that takes a WebDriver instance as an argument.\n    \n        message: str\n            - Optional message for :exc:`TimeoutException`\n    \n        Return:\n        -------\n        object: T\n            - The result of the last call to `method`\n    \n        Raises:\n        -------\n        TimeoutException\n            - If 'method' does not return a truthy value within the WebDriverWait\n            object's timeout\n    \n        Example:\n        --------\n        >>> from selenium.webdriver.common.by import By\n        >>> from selenium.webdriver.support.ui import WebDriverWait\n        >>> from selenium.webdriver.support import expected_conditions as EC\n    \n        # Wait until an element is visible on the page\n        >>> wait = WebDriverWait(driver, 10)\n        >>> element = wait.until(EC.visibility_of_element_located((By.ID, \"exampleId\")))\n        >>> print(element.text)\n        \"\"\"\n        screen = None\n        stacktrace = None\n    \n        end_time = time.monotonic() + self._timeout\n        while True:\n            try:\n                value = method(self._driver)\n                if value:\n                    return value\n            except self._ignored_exceptions as exc:\n                screen = getattr(exc, \"screen\", None)\n                stacktrace = getattr(exc, \"stacktrace\", None)\n            if time.monotonic() > end_time:\n                break\n            time.sleep(self._poll)\n>       raise TimeoutException(message, screen, stacktrace)\nE       selenium.common.exceptions.TimeoutException: Message: \nE       Stacktrace:\nE       #0 0x5c064494b08a <unknown>\nE       #1 0x5c06443eaa70 <unknown>\nE       #2 0x5c064443c907 <unknown>\nE       #3 0x5c064443cb01 <unknown>\nE       #4 0x5c064448ad54 <unknown>\nE       #5 0x5c064446240d <unknown>\nE       #6 0x5c064448814f <unknown>\nE       #7 0x5c06444621b3 <unknown>\nE       #8 0x5c064442e59b <unknown>\nE       #9 0x5c064442f971 <unknown>\nE       #10 0x5c064491025b <unknown>\nE       #11 0x5c0644913fa9 <unknown>\nE       #12 0x5c06448f7339 <unknown>\nE       #13 0x5c0644914b58 <unknown>\nE       #14 0x5c06448dbc1f <unknown>\nE       #15 0x5c0644938118 <unknown>\nE       #16 0x5c06449382f6 <unknown>\nE       #17 0x5c064494a066 <unknown>\nE       #18 0x7e35cd69caa4 <unknown>\nE       #19 0x7e35cd729c6c <unknown>\n\n.venv/lib/python3.12/site-packages/selenium/webdriver/support/wait.py:138: TimeoutException","flaky":false,"newFailed":false,"newBroken":false,"newPassed":false,"retriesCount":0,"retriesStatusChange":false,"beforeStages":[{"name":"setup","time":{"start":1760902305153,"stop":1760902307423,"duration":2270},"status":"passed","steps":[],"attachments":[],"parameters":[],"shouldDisplayMessage":false,"stepsCount":0,"attachmentsCount":0,"hasContent":false,"attachmentStep":false},{"name":"setup","time":{"start":1760902342097,"stop":1760902344257,"duration":2160},"status":"passed","steps":[],"attachments":[],"parameters":[],"shouldDisplayMessage":false,"stepsCount":0,"attachmentsCount":0,"hasContent":false,"attachmentStep":false}],"afterStages":[{"name":"setup::0","time":{"start":1760902321199,"stop":1760902321289,"duration":90},"status":"passed","steps":[],"attachments":[],"parameters":[],"shouldDisplayMessage":false,"stepsCount":0,"attachmentsCount":0,"hasContent":false,"attachmentStep":false},{"name":"setup::0","time":{"start":1760902348237,"stop":1760902348308,"duration":71},"status":"passed","steps":[],"attachments":[],"parameters":[],"shouldDisplayMessage":false,"stepsCount":0,"attachmentsCount":0,"hasContent":false,"attachmentStep":false}],"labels":[{"name":"parentSuite","value":"Test_cases"},{"name":"suite","value":"test_registration"},{"name":"subSuite","value":"TestRegistration"},{"name":"host","value":"AV-LAP-PG040P36"},{"name":"thread","value":"157714-MainThread"},{"name":"framework","value":"pytest"},{"name":"language","value":"cpython3"},{"name":"package","value":"Test_cases.test_registration"},{"name":"resultFormat","value":"allure2"}],"parameters":[],"links":[],"hidden":false,"retry":false,"extra":{"severity":"normal","retries":[],"categories":[{"name":"Test defects","matchedStatuses":[]}],"tags":[]},"source":"a5dcbed5028fd8d5.json","parameterValues":[]}