{"uid":"dc87471bb0493150","name":"test_search_icon","fullName":"Test_cases.test_search.TestSearch#test_search_icon","historyId":"79e407f4029b925417a2dd413be485f7","time":{"start":1760902350564,"stop":1760902358807,"duration":8243},"status":"broken","statusMessage":"selenium.common.exceptions.TimeoutException: Message: \nStacktrace:\n#0 0x6145badf008a <unknown>\n#1 0x6145ba88fa70 <unknown>\n#2 0x6145ba8e1907 <unknown>\n#3 0x6145ba8e1b01 <unknown>\n#4 0x6145ba92fd54 <unknown>\n#5 0x6145ba90740d <unknown>\n#6 0x6145ba92d14f <unknown>\n#7 0x6145ba9071b3 <unknown>\n#8 0x6145ba8d359b <unknown>\n#9 0x6145ba8d4971 <unknown>\n#10 0x6145badb525b <unknown>\n#11 0x6145badb8fa9 <unknown>\n#12 0x6145bad9c339 <unknown>\n#13 0x6145badb9b58 <unknown>\n#14 0x6145bad80c1f <unknown>\n#15 0x6145baddd118 <unknown>\n#16 0x6145baddd2f6 <unknown>\n#17 0x6145badef066 <unknown>\n#18 0x76c83889caa4 <unknown>\n#19 0x76c838929c6c <unknown>","statusTrace":"self = <Test_cases.test_search.TestSearch object at 0x7e9982766630>, setup = <selenium.webdriver.chrome.webdriver.WebDriver (session=\"529549dba9b4e2bbebd1d850effac694\")>\n\n    def test_search_icon(self, setup):\n        driver = setup\n        home_page = HomePage(driver)\n        home_page.click_signin()\n    \n        lp_page = LogIn(driver)\n        lp_page.enter_userid(\"Jeeshan1718\")\n        lp_page.enter_password(\"Kohli@1718\")\n        lp_page.click_login_button()\n    \n        search_page = SerchPage(driver)\n        search_page.search_item_icon(\"Angelfish\")  # pass text here\n    \n        locator = (By.XPATH, \"//*[@id='jpetstore-content']/div[2]/table/tbody/tr[2]/td[1]/strong/a\")\n>       item_product_element = WebDriverWait(driver, 5).until(\n            EC.visibility_of_element_located(locator)\n        )\n\nTest_cases/test_search.py:50: \n_ _ _ _ _ _ _ _ _ _ _ _ _ _ _ _ _ _ _ _ _ _ _ _ _ _ _ _ _ _ _ _ _ _ _ _ _ _ _ _ _ _ _ _ _ _ _ _ _ _ _ _ _ _ _ _ _ _ _ _ _ _ _ _ _ _ _ _ _ _ _ _ _ _ _ _ _ _ _ _ _ _ _ _ _ _ _ _ _ _ _ _ _ _ _ _ _ _ _ _ _ _ _ _ _ _ _ _ _ _\n\nself = <selenium.webdriver.support.wait.WebDriverWait (session=\"529549dba9b4e2bbebd1d850effac694\")>, method = <function visibility_of_element_located.<locals>._predicate at 0x7e99825d7ec0>, message = ''\n\n    def until(self, method: Callable[[D], Union[Literal[False], T]], message: str = \"\") -> T:\n        \"\"\"Wait until the method returns a value that is not False.\n    \n        Calls the method provided with the driver as an argument until the\n        return value does not evaluate to ``False``.\n    \n        Parameters:\n        -----------\n        method: callable(WebDriver)\n            - A callable object that takes a WebDriver instance as an argument.\n    \n        message: str\n            - Optional message for :exc:`TimeoutException`\n    \n        Return:\n        -------\n        object: T\n            - The result of the last call to `method`\n    \n        Raises:\n        -------\n        TimeoutException\n            - If 'method' does not return a truthy value within the WebDriverWait\n            object's timeout\n    \n        Example:\n        --------\n        >>> from selenium.webdriver.common.by import By\n        >>> from selenium.webdriver.support.ui import WebDriverWait\n        >>> from selenium.webdriver.support import expected_conditions as EC\n    \n        # Wait until an element is visible on the page\n        >>> wait = WebDriverWait(driver, 10)\n        >>> element = wait.until(EC.visibility_of_element_located((By.ID, \"exampleId\")))\n        >>> print(element.text)\n        \"\"\"\n        screen = None\n        stacktrace = None\n    \n        end_time = time.monotonic() + self._timeout\n        while True:\n            try:\n                value = method(self._driver)\n                if value:\n                    return value\n            except self._ignored_exceptions as exc:\n                screen = getattr(exc, \"screen\", None)\n                stacktrace = getattr(exc, \"stacktrace\", None)\n            if time.monotonic() > end_time:\n                break\n            time.sleep(self._poll)\n>       raise TimeoutException(message, screen, stacktrace)\nE       selenium.common.exceptions.TimeoutException: Message: \nE       Stacktrace:\nE       #0 0x6145badf008a <unknown>\nE       #1 0x6145ba88fa70 <unknown>\nE       #2 0x6145ba8e1907 <unknown>\nE       #3 0x6145ba8e1b01 <unknown>\nE       #4 0x6145ba92fd54 <unknown>\nE       #5 0x6145ba90740d <unknown>\nE       #6 0x6145ba92d14f <unknown>\nE       #7 0x6145ba9071b3 <unknown>\nE       #8 0x6145ba8d359b <unknown>\nE       #9 0x6145ba8d4971 <unknown>\nE       #10 0x6145badb525b <unknown>\nE       #11 0x6145badb8fa9 <unknown>\nE       #12 0x6145bad9c339 <unknown>\nE       #13 0x6145badb9b58 <unknown>\nE       #14 0x6145bad80c1f <unknown>\nE       #15 0x6145baddd118 <unknown>\nE       #16 0x6145baddd2f6 <unknown>\nE       #17 0x6145badef066 <unknown>\nE       #18 0x76c83889caa4 <unknown>\nE       #19 0x76c838929c6c <unknown>\n\n.venv/lib/python3.12/site-packages/selenium/webdriver/support/wait.py:138: TimeoutException","flaky":false,"newFailed":false,"newBroken":false,"newPassed":false,"retriesCount":0,"retriesStatusChange":false,"beforeStages":[{"name":"setup","time":{"start":1760902348312,"stop":1760902350562,"duration":2250},"status":"passed","steps":[],"attachments":[],"parameters":[],"shouldDisplayMessage":false,"stepsCount":0,"attachmentsCount":0,"hasContent":false,"attachmentStep":false}],"afterStages":[{"name":"setup::0","time":{"start":1760902358990,"stop":1760902359055,"duration":65},"status":"passed","steps":[],"attachments":[],"parameters":[],"shouldDisplayMessage":false,"stepsCount":0,"attachmentsCount":0,"hasContent":false,"attachmentStep":false}],"labels":[{"name":"parentSuite","value":"Test_cases"},{"name":"suite","value":"test_search"},{"name":"subSuite","value":"TestSearch"},{"name":"host","value":"AV-LAP-PG040P36"},{"name":"thread","value":"157714-MainThread"},{"name":"framework","value":"pytest"},{"name":"language","value":"cpython3"},{"name":"package","value":"Test_cases.test_search"},{"name":"resultFormat","value":"allure2"}],"parameters":[],"links":[],"hidden":false,"retry":false,"extra":{"severity":"normal","retries":[],"categories":[{"name":"Test defects","matchedStatuses":[]}],"tags":[]},"source":"dc87471bb0493150.json","parameterValues":[]}